Traceback (most recent call last):
  File "<frozen runpy>", line 198, in _::1 - - [08/May/2026 03:07:09] "GET /venue-001/index.m3u8 HTTP/1.1" 200 -
::ffff:192.168.0.103 - - [08/May/2026 03:13:55] "GET /venue-001/index.m3u8 HTTP/1.1" 200 -
::ffff:192.168.0.103 - - [08/May/2026 03:13:55] "GET /venue-001/index.m3u8 HTTP/1.1" 304 -
::ffff:192.168.0.103 - - [08/May/2026 03:13:55] "GET /venue-001/index539.ts HTTP/1.1" 200 -
tocol,
        ^^^^^^^^^^^^^^^^^^^^^^^
    )
    ^
  File "/opt/homebrew/Cellar/python@3.13/3.13.1/Frameworks/Python.framework/Versions/3.13/lib/python3.13/http/server.py", line 1267, in test
    with ServerClass(addr, HandlerClass) as httpd:
         ~~~~~~~~~~~^^^^^^^^^^^^^^^^^^^^
  File "/opt/homebrew/Cellar/python@3.13/3.13.1/Frameworks/Python.framework/Versions/3.13/lib/python3.13/socketserver.py", line 457, in __init__
    self.server_bind()
    ~~~~~~~~~~~~~~~~^^
  File "/opt/homebrew/Cellar/python@3.13/3.13.1/Frameworks/Python.framework/Versions/3.13/lib/python3.13/http/server.py", line 1314, in server_bind
    return super().server_bind()
           ~~~~~~~~~~~~~~~~~~~^^
  File "/opt/homebrew/Cellar/python@3.13/3.13.1/Frameworks/Python.framework/Versions/3.13/lib/python3.13/http/server.py", line 136, in server_bind
    socketserver.TCPServer.server_bind(self)
    ~~~~~~~~~~~~~~~~~~~~~~~~~~~~~~~~~~^^^^^^
  File "/opt/homebrew/Cellar/python@3.13/3.13.1/Frameworks/Python.framework/Versions/3.13/lib/python3.13/socketserver.py", line 473, in server_bind
    self.socket.bind(self.server_address)
    ~~~~~~~~~~~~~~~~^^^^^^^^^^^^^^^^^^^^^
OSError: [Errno 48] Address already in use
