14972:C 08 May 2026 02:43:09.767 * oO0OoO0OoO0Oo Redis is starting oO0OoO0OoO0Oo
14972:C 08 May 2026 02:43:09.767 * Redis version=8.6.3, bits=64, commit=00000000, modified=1, pid=14972, just started
14972:C 08 May 2026 02:43:09.768 * Configuration loaded
14972:M 08 May 2026 02:43:09.768 * Increased maximum number of open files to 10032 (it was originally set to 7168).
14972:M 08 May 2026 02:43:09.768 * monotonic clock: ARM CNTVCT @ 24 ticks/us
14972:M 08 May 2026 02:43:09.769 # Failed to write PID file: Permission denied
14972:M 08 May 2026 02:43:09.769 * Running mode=standalone, port=6379.
14972:M 08 May 2026 02:43:09.770 # WARNING: The TCP backlog setting of 511 cannot be enforced because kern.ipc.somaxconn is set to the lower value of 128.
14972:M 08 May 2026 02:43:09.770 * Server initialized
14972:M 08 May 2026 02:43:09.770 * Ready to accept connections tcp
14972:M 08 May 2026 02:43:09.770 # WARNING: Redis does not require authentication. Redis will accept connections from any local client.
14972:M 08 May 2026 03:02:40.485 * 100 changes in 300 seconds. Saving...
14972:M 08 May 2026 03:02:40.487 * Background saving started by pid 30148
30148:C 08 May 2026 03:02:40.489 * BGSAVE done, 1 keys saved, 0 keys skipped, 415 bytes written.
30148:C 08 May 2026 03:02:40.494 * DB saved on disk
30148:C 08 May 2026 03:02:40.495 * Fork CoW for RDB: current 0 MB, peak 0 MB, average 0 MB
14972:M 08 May 2026 03:02:40.589 * Background saving terminated with success
14972:M 08 May 2026 03:11:20.656 * 100 changes in 300 seconds. Saving...
14972:M 08 May 2026 03:11:20.657 * Background saving started by pid 36463
36463:C 08 May 2026 03:11:20.658 * BGSAVE done, 1 keys saved, 0 keys skipped, 466 bytes written.
36463:C 08 May 2026 03:11:20.663 * DB saved on disk
36463:C 08 May 2026 03:11:20.663 * Fork CoW for RDB: current 0 MB, peak 0 MB, average 0 MB
14972:M 08 May 2026 03:11:20.759 * Background saving terminated with success
14972:M 08 May 2026 03:19:55.513 * 100 changes in 300 seconds. Saving...
14972:M 08 May 2026 03:19:55.516 * Background saving started by pid 42582
42582:C 08 May 2026 03:19:55.518 * BGSAVE done, 1 keys saved, 0 keys skipped, 452 bytes written.
42582:C 08 May 2026 03:19:55.524 * DB saved on disk
42582:C 08 May 2026 03:19:55.525 * Fork CoW for RDB: current 0 MB, peak 0 MB, average 0 MB
14972:M 08 May 2026 03:19:55.617 * Background saving terminated with success
